<?xml version="1.0" encoding="UTF-8"?>
<!-- Generated by org.testng.reporters.JUnitReportReporter -->
<testsuite skipped="0" hostname="MRUTUNJAY" name="dec4.NewTest" tests="1" failures="0" timestamp="31 Dec 2021 06:02:56 GMT" time="0.015" errors="0">
  <testcase name="addition" time="0.015" classname="dec4.NewTest"/>
</testsuite> <!-- dec4.NewTest -->
